{"C:\\Users\\guivi\\OneDrive\\Desktop\\test4\\frontend\\src\\index.js": {"path":"C:\\Users\\guivi\\OneDrive\\Desktop\\test4\\frontend\\src\\index.js","statementMap":{"0":{"start":{"line":6,"column":13},"end":{"line":6,"column":65}},"1":{"start":{"line":7,"column":0},"end":{"line":13,"column":2}}},"fnMap":{},"branchMap":{},"s":{"0":0,"1":0},"f":{},"b":{}}
,"C:\\Users\\guivi\\OneDrive\\Desktop\\test4\\frontend\\src\\components\\ItemForm\\index.js": {"path":"C:\\Users\\guivi\\OneDrive\\Desktop\\test4\\frontend\\src\\components\\ItemForm\\index.js","statementMap":{"0":{"start":{"line":4,"column":23},"end":{"line":7,"column":1}},"1":{"start":{"line":5,"column":2},"end":{"line":5,"column":54}},"2":{"start":{"line":5,"column":44},"end":{"line":5,"column":54}},"3":{"start":{"line":6,"column":2},"end":{"line":6,"column":102}},"4":{"start":{"line":9,"column":17},"end":{"line":125,"column":1}},"5":{"start":{"line":10,"column":34},"end":{"line":10,"column":81}},"6":{"start":{"line":11,"column":42},"end":{"line":11,"column":57}},"7":{"start":{"line":12,"column":42},"end":{"line":12,"column":54}},"8":{"start":{"line":13,"column":46},"end":{"line":13,"column":61}},"9":{"start":{"line":15,"column":28},"end":{"line":19,"column":3}},"10":{"start":{"line":16,"column":16},"end":{"line":16,"column":53}},"11":{"start":{"line":17,"column":4},"end":{"line":17,"column":45}},"12":{"start":{"line":18,"column":4},"end":{"line":18,"column":25}},"13":{"start":{"line":21,"column":26},"end":{"line":28,"column":3}},"14":{"start":{"line":22,"column":4},"end":{"line":26,"column":5}},"15":{"start":{"line":23,"column":6},"end":{"line":23,"column":26}},"16":{"start":{"line":25,"column":6},"end":{"line":25,"column":54}},"17":{"start":{"line":27,"column":4},"end":{"line":27,"column":29}},"18":{"start":{"line":30,"column":27},"end":{"line":33,"column":3}},"19":{"start":{"line":31,"column":4},"end":{"line":31,"column":36}},"20":{"start":{"line":32,"column":4},"end":{"line":32,"column":28}},"21":{"start":{"line":35,"column":23},"end":{"line":53,"column":3}},"22":{"start":{"line":36,"column":4},"end":{"line":36,"column":23}},"23":{"start":{"line":37,"column":4},"end":{"line":37,"column":29}},"24":{"start":{"line":37,"column":22},"end":{"line":37,"column":29}},"25":{"start":{"line":38,"column":4},"end":{"line":38,"column":26}},"26":{"start":{"line":39,"column":4},"end":{"line":52,"column":5}},"27":{"start":{"line":40,"column":19},"end":{"line":44,"column":7}},"28":{"start":{"line":45,"column":6},"end":{"line":45,"column":24}},"29":{"start":{"line":46,"column":6},"end":{"line":46,"column":57}},"30":{"start":{"line":47,"column":6},"end":{"line":47,"column":26}},"31":{"start":{"line":51,"column":6},"end":{"line":51,"column":29}},"32":{"start":{"line":55,"column":2},"end":{"line":124,"column":4}},"33":{"start":{"line":71,"column":27},"end":{"line":71,"column":77}},"34":{"start":{"line":82,"column":27},"end":{"line":82,"column":81}},"35":{"start":{"line":115,"column":27},"end":{"line":115,"column":48}}},"fnMap":{"0":{"name":"(anonymous_0)","decl":{"start":{"line":4,"column":23},"end":{"line":4,"column":24}},"loc":{"start":{"line":4,"column":34},"end":{"line":7,"column":1}},"line":4},"1":{"name":"(anonymous_1)","decl":{"start":{"line":9,"column":17},"end":{"line":9,"column":18}},"loc":{"start":{"line":9,"column":72},"end":{"line":125,"column":1}},"line":9},"2":{"name":"(anonymous_2)","decl":{"start":{"line":15,"column":28},"end":{"line":15,"column":29}},"loc":{"start":{"line":15,"column":35},"end":{"line":19,"column":3}},"line":15},"3":{"name":"(anonymous_3)","decl":{"start":{"line":21,"column":26},"end":{"line":21,"column":27}},"loc":{"start":{"line":21,"column":32},"end":{"line":28,"column":3}},"line":21},"4":{"name":"(anonymous_4)","decl":{"start":{"line":30,"column":27},"end":{"line":30,"column":28}},"loc":{"start":{"line":30,"column":33},"end":{"line":33,"column":3}},"line":30},"5":{"name":"(anonymous_5)","decl":{"start":{"line":35,"column":23},"end":{"line":35,"column":24}},"loc":{"start":{"line":35,"column":36},"end":{"line":53,"column":3}},"line":35},"6":{"name":"(anonymous_6)","decl":{"start":{"line":71,"column":22},"end":{"line":71,"column":23}},"loc":{"start":{"line":71,"column":27},"end":{"line":71,"column":77}},"line":71},"7":{"name":"(anonymous_7)","decl":{"start":{"line":82,"column":22},"end":{"line":82,"column":23}},"loc":{"start":{"line":82,"column":27},"end":{"line":82,"column":81}},"line":82},"8":{"name":"(anonymous_8)","decl":{"start":{"line":115,"column":21},"end":{"line":115,"column":22}},"loc":{"start":{"line":115,"column":27},"end":{"line":115,"column":48}},"line":115}},"branchMap":{"0":{"loc":{"start":{"line":5,"column":2},"end":{"line":5,"column":54}},"type":"if","locations":[{"start":{"line":5,"column":2},"end":{"line":5,"column":54}},{"start":{},"end":{}}],"line":5},"1":{"loc":{"start":{"line":5,"column":6},"end":{"line":5,"column":42}},"type":"binary-expr","locations":[{"start":{"line":5,"column":6},"end":{"line":5,"column":18}},{"start":{"line":5,"column":22},"end":{"line":5,"column":42}}],"line":5},"2":{"loc":{"start":{"line":22,"column":4},"end":{"line":26,"column":5}},"type":"if","locations":[{"start":{"line":22,"column":4},"end":{"line":26,"column":5}},{"start":{"line":24,"column":11},"end":{"line":26,"column":5}}],"line":22},"3":{"loc":{"start":{"line":22,"column":8},"end":{"line":22,"column":62}},"type":"binary-expr","locations":[{"start":{"line":22,"column":8},"end":{"line":22,"column":29}},{"start":{"line":22,"column":33},"end":{"line":22,"column":62}}],"line":22},"4":{"loc":{"start":{"line":37,"column":4},"end":{"line":37,"column":29}},"type":"if","locations":[{"start":{"line":37,"column":4},"end":{"line":37,"column":29}},{"start":{},"end":{}}],"line":37},"5":{"loc":{"start":{"line":58,"column":7},"end":{"line":63,"column":7}},"type":"binary-expr","locations":[{"start":{"line":58,"column":7},"end":{"line":58,"column":16}},{"start":{"line":59,"column":8},"end":{"line":62,"column":14}}],"line":58},"6":{"loc":{"start":{"line":91,"column":19},"end":{"line":91,"column":65}},"type":"cond-expr","locations":[{"start":{"line":91,"column":36},"end":{"line":91,"column":50}},{"start":{"line":91,"column":53},"end":{"line":91,"column":65}}],"line":91}},"s":{"0":0,"1":0,"2":0,"3":0,"4":0,"5":0,"6":0,"7":0,"8":0,"9":0,"10":0,"11":0,"12":0,"13":0,"14":0,"15":0,"16":0,"17":0,"18":0,"19":0,"20":0,"21":0,"22":0,"23":0,"24":0,"25":0,"26":0,"27":0,"28":0,"29":0,"30":0,"31":0,"32":0,"33":0,"34":0,"35":0},"f":{"0":0,"1":0,"2":0,"3":0,"4":0,"5":0,"6":0,"7":0,"8":0},"b":{"0":[0,0],"1":[0,0],"2":[0,0],"3":[0,0],"4":[0,0],"5":[0,0],"6":[0,0]}}
,"C:\\Users\\guivi\\OneDrive\\Desktop\\test4\\frontend\\src\\components\\virtualizedItems\\index.js": {"path":"C:\\Users\\guivi\\OneDrive\\Desktop\\test4\\frontend\\src\\components\\virtualizedItems\\index.js","statementMap":{"0":{"start":{"line":6,"column":25},"end":{"line":33,"column":1}},"1":{"start":{"line":7,"column":20},"end":{"line":7,"column":47}},"2":{"start":{"line":8,"column":14},"end":{"line":20,"column":3}},"3":{"start":{"line":9,"column":4},"end":{"line":19,"column":6}},"4":{"start":{"line":22,"column":2},"end":{"line":32,"column":4}}},"fnMap":{"0":{"name":"(anonymous_0)","decl":{"start":{"line":6,"column":25},"end":{"line":6,"column":26}},"loc":{"start":{"line":6,"column":88},"end":{"line":33,"column":1}},"line":6},"1":{"name":"(anonymous_1)","decl":{"start":{"line":8,"column":14},"end":{"line":8,"column":15}},"loc":{"start":{"line":8,"column":36},"end":{"line":20,"column":3}},"line":8}},"branchMap":{"0":{"loc":{"start":{"line":6,"column":35},"end":{"line":6,"column":47}},"type":"default-arg","locations":[{"start":{"line":6,"column":44},"end":{"line":6,"column":47}}],"line":6},"1":{"loc":{"start":{"line":6,"column":49},"end":{"line":6,"column":64}},"type":"default-arg","locations":[{"start":{"line":6,"column":62},"end":{"line":6,"column":64}}],"line":6},"2":{"loc":{"start":{"line":6,"column":66},"end":{"line":6,"column":81}},"type":"default-arg","locations":[{"start":{"line":6,"column":76},"end":{"line":6,"column":81}}],"line":6},"3":{"loc":{"start":{"line":7,"column":20},"end":{"line":7,"column":47}},"type":"cond-expr","locations":[{"start":{"line":7,"column":30},"end":{"line":7,"column":32}},{"start":{"line":7,"column":35},"end":{"line":7,"column":47}}],"line":7},"4":{"loc":{"start":{"line":11,"column":9},"end":{"line":17,"column":9}},"type":"cond-expr","locations":[{"start":{"line":12,"column":10},"end":{"line":12,"column":45}},{"start":{"line":14,"column":10},"end":{"line":16,"column":17}}],"line":11}},"s":{"0":0,"1":0,"2":0,"3":0,"4":0},"f":{"0":0,"1":0},"b":{"0":[0],"1":[0],"2":[0],"3":[0,0],"4":[0,0]}}
,"C:\\Users\\guivi\\OneDrive\\Desktop\\test4\\frontend\\src\\pages\\App.js": {"path":"C:\\Users\\guivi\\OneDrive\\Desktop\\test4\\frontend\\src\\pages\\App.js","statementMap":{"0":{"start":{"line":8,"column":2},"end":{"line":15,"column":4}}},"fnMap":{"0":{"name":"App","decl":{"start":{"line":7,"column":9},"end":{"line":7,"column":12}},"loc":{"start":{"line":7,"column":15},"end":{"line":16,"column":1}},"line":7}},"branchMap":{},"s":{"0":0},"f":{"0":0},"b":{}}
,"C:\\Users\\guivi\\OneDrive\\Desktop\\test4\\frontend\\src\\pages\\ItemDetail.js": {"path":"C:\\Users\\guivi\\OneDrive\\Desktop\\test4\\frontend\\src\\pages\\ItemDetail.js","statementMap":{"0":{"start":{"line":6,"column":17},"end":{"line":6,"column":28}},"1":{"start":{"line":7,"column":26},"end":{"line":7,"column":40}},"2":{"start":{"line":8,"column":32},"end":{"line":8,"column":46}},"3":{"start":{"line":9,"column":19},"end":{"line":9,"column":32}},"4":{"start":{"line":11,"column":2},"end":{"line":23,"column":21}},"5":{"start":{"line":12,"column":4},"end":{"line":12,"column":21}},"6":{"start":{"line":13,"column":4},"end":{"line":22,"column":9}},"7":{"start":{"line":14,"column":19},"end":{"line":14,"column":60}},"8":{"start":{"line":16,"column":8},"end":{"line":16,"column":22}},"9":{"start":{"line":17,"column":8},"end":{"line":17,"column":26}},"10":{"start":{"line":20,"column":8},"end":{"line":20,"column":26}},"11":{"start":{"line":21,"column":8},"end":{"line":21,"column":22}},"12":{"start":{"line":25,"column":2},"end":{"line":40,"column":3}},"13":{"start":{"line":26,"column":4},"end":{"line":39,"column":6}},"14":{"start":{"line":42,"column":2},"end":{"line":56,"column":3}},"15":{"start":{"line":43,"column":4},"end":{"line":55,"column":6}},"16":{"start":{"line":58,"column":2},"end":{"line":85,"column":4}}},"fnMap":{"0":{"name":"ItemDetail","decl":{"start":{"line":5,"column":9},"end":{"line":5,"column":19}},"loc":{"start":{"line":5,"column":22},"end":{"line":86,"column":1}},"line":5},"1":{"name":"(anonymous_1)","decl":{"start":{"line":11,"column":12},"end":{"line":11,"column":13}},"loc":{"start":{"line":11,"column":18},"end":{"line":23,"column":3}},"line":11},"2":{"name":"(anonymous_2)","decl":{"start":{"line":14,"column":12},"end":{"line":14,"column":13}},"loc":{"start":{"line":14,"column":19},"end":{"line":14,"column":60}},"line":14},"3":{"name":"(anonymous_3)","decl":{"start":{"line":15,"column":12},"end":{"line":15,"column":13}},"loc":{"start":{"line":15,"column":20},"end":{"line":18,"column":7}},"line":15},"4":{"name":"(anonymous_4)","decl":{"start":{"line":19,"column":13},"end":{"line":19,"column":14}},"loc":{"start":{"line":19,"column":19},"end":{"line":22,"column":7}},"line":19}},"branchMap":{"0":{"loc":{"start":{"line":14,"column":19},"end":{"line":14,"column":60}},"type":"cond-expr","locations":[{"start":{"line":14,"column":28},"end":{"line":14,"column":38}},{"start":{"line":14,"column":41},"end":{"line":14,"column":60}}],"line":14},"1":{"loc":{"start":{"line":25,"column":2},"end":{"line":40,"column":3}},"type":"if","locations":[{"start":{"line":25,"column":2},"end":{"line":40,"column":3}},{"start":{},"end":{}}],"line":25},"2":{"loc":{"start":{"line":42,"column":2},"end":{"line":56,"column":3}},"type":"if","locations":[{"start":{"line":42,"column":2},"end":{"line":56,"column":3}},{"start":{},"end":{}}],"line":42}},"s":{"0":0,"1":0,"2":0,"3":0,"4":0,"5":0,"6":0,"7":0,"8":0,"9":0,"10":0,"11":0,"12":0,"13":0,"14":0,"15":0,"16":0},"f":{"0":0,"1":0,"2":0,"3":0,"4":0},"b":{"0":[0,0],"1":[0,0],"2":[0,0]}}
,"C:\\Users\\guivi\\OneDrive\\Desktop\\test4\\frontend\\src\\pages\\Items\\index.js": {"path":"C:\\Users\\guivi\\OneDrive\\Desktop\\test4\\frontend\\src\\pages\\Items\\index.js","statementMap":{"0":{"start":{"line":9,"column":56},"end":{"line":9,"column":65}},"1":{"start":{"line":10,"column":38},"end":{"line":10,"column":50}},"2":{"start":{"line":11,"column":26},"end":{"line":11,"column":37}},"3":{"start":{"line":12,"column":28},"end":{"line":12,"column":40}},"4":{"start":{"line":13,"column":40},"end":{"line":13,"column":55}},"5":{"start":{"line":14,"column":32},"end":{"line":14,"column":46}},"6":{"start":{"line":15,"column":40},"end":{"line":15,"column":55}},"7":{"start":{"line":16,"column":36},"end":{"line":16,"column":48}},"8":{"start":{"line":18,"column":2},"end":{"line":20,"column":24}},"9":{"start":{"line":19,"column":4},"end":{"line":19,"column":29}},"10":{"start":{"line":22,"column":2},"end":{"line":40,"column":44}},"11":{"start":{"line":23,"column":4},"end":{"line":23,"column":79}},"12":{"start":{"line":24,"column":4},"end":{"line":24,"column":21}},"13":{"start":{"line":25,"column":23},"end":{"line":25,"column":44}},"14":{"start":{"line":28,"column":22},"end":{"line":36,"column":5}},"15":{"start":{"line":29,"column":6},"end":{"line":35,"column":7}},"16":{"start":{"line":30,"column":8},"end":{"line":30,"column":69}},"17":{"start":{"line":32,"column":8},"end":{"line":32,"column":54}},"18":{"start":{"line":34,"column":8},"end":{"line":34,"column":26}},"19":{"start":{"line":38,"column":4},"end":{"line":38,"column":16}},"20":{"start":{"line":39,"column":4},"end":{"line":39,"column":36}},"21":{"start":{"line":39,"column":17},"end":{"line":39,"column":35}},"22":{"start":{"line":42,"column":24},"end":{"line":53,"column":3}},"23":{"start":{"line":43,"column":4},"end":{"line":52,"column":5}},"24":{"start":{"line":44,"column":6},"end":{"line":44,"column":23}},"25":{"start":{"line":45,"column":6},"end":{"line":45,"column":33}},"26":{"start":{"line":46,"column":6},"end":{"line":46,"column":28}},"27":{"start":{"line":47,"column":6},"end":{"line":47,"column":27}},"28":{"start":{"line":48,"column":6},"end":{"line":48,"column":52}},"29":{"start":{"line":48,"column":23},"end":{"line":48,"column":44}},"30":{"start":{"line":50,"column":6},"end":{"line":50,"column":60}},"31":{"start":{"line":51,"column":6},"end":{"line":51,"column":47}},"32":{"start":{"line":51,"column":23},"end":{"line":51,"column":39}},"33":{"start":{"line":55,"column":27},"end":{"line":59,"column":3}},"34":{"start":{"line":56,"column":4},"end":{"line":56,"column":64}},"35":{"start":{"line":57,"column":4},"end":{"line":57,"column":21}},"36":{"start":{"line":58,"column":4},"end":{"line":58,"column":21}},"37":{"start":{"line":61,"column":2},"end":{"line":136,"column":4}},"38":{"start":{"line":69,"column":12},"end":{"line":69,"column":42}},"39":{"start":{"line":70,"column":12},"end":{"line":70,"column":23}},"40":{"start":{"line":75,"column":25},"end":{"line":75,"column":48}},"41":{"start":{"line":75,"column":45},"end":{"line":75,"column":47}},"42":{"start":{"line":108,"column":27},"end":{"line":108,"column":53}},"43":{"start":{"line":121,"column":27},"end":{"line":121,"column":53}}},"fnMap":{"0":{"name":"Items","decl":{"start":{"line":8,"column":9},"end":{"line":8,"column":14}},"loc":{"start":{"line":8,"column":17},"end":{"line":137,"column":1}},"line":8},"1":{"name":"(anonymous_1)","decl":{"start":{"line":18,"column":12},"end":{"line":18,"column":13}},"loc":{"start":{"line":18,"column":18},"end":{"line":20,"column":3}},"line":18},"2":{"name":"(anonymous_2)","decl":{"start":{"line":22,"column":12},"end":{"line":22,"column":13}},"loc":{"start":{"line":22,"column":18},"end":{"line":40,"column":3}},"line":22},"3":{"name":"(anonymous_3)","decl":{"start":{"line":28,"column":22},"end":{"line":28,"column":23}},"loc":{"start":{"line":28,"column":34},"end":{"line":36,"column":5}},"line":28},"4":{"name":"(anonymous_4)","decl":{"start":{"line":39,"column":11},"end":{"line":39,"column":12}},"loc":{"start":{"line":39,"column":17},"end":{"line":39,"column":35}},"line":39},"5":{"name":"(anonymous_5)","decl":{"start":{"line":42,"column":24},"end":{"line":42,"column":25}},"loc":{"start":{"line":42,"column":44},"end":{"line":53,"column":3}},"line":42},"6":{"name":"(anonymous_6)","decl":{"start":{"line":48,"column":17},"end":{"line":48,"column":18}},"loc":{"start":{"line":48,"column":23},"end":{"line":48,"column":44}},"line":48},"7":{"name":"(anonymous_7)","decl":{"start":{"line":51,"column":17},"end":{"line":51,"column":18}},"loc":{"start":{"line":51,"column":23},"end":{"line":51,"column":39}},"line":51},"8":{"name":"(anonymous_8)","decl":{"start":{"line":55,"column":27},"end":{"line":55,"column":28}},"loc":{"start":{"line":55,"column":40},"end":{"line":59,"column":3}},"line":55},"9":{"name":"(anonymous_9)","decl":{"start":{"line":68,"column":20},"end":{"line":68,"column":21}},"loc":{"start":{"line":68,"column":25},"end":{"line":71,"column":11}},"line":68},"10":{"name":"(anonymous_10)","decl":{"start":{"line":75,"column":19},"end":{"line":75,"column":20}},"loc":{"start":{"line":75,"column":25},"end":{"line":75,"column":48}},"line":75},"11":{"name":"(anonymous_11)","decl":{"start":{"line":75,"column":40},"end":{"line":75,"column":41}},"loc":{"start":{"line":75,"column":45},"end":{"line":75,"column":47}},"line":75},"12":{"name":"(anonymous_12)","decl":{"start":{"line":108,"column":21},"end":{"line":108,"column":22}},"loc":{"start":{"line":108,"column":27},"end":{"line":108,"column":53}},"line":108},"13":{"name":"(anonymous_13)","decl":{"start":{"line":121,"column":21},"end":{"line":121,"column":22}},"loc":{"start":{"line":121,"column":27},"end":{"line":121,"column":53}},"line":121}},"branchMap":{"0":{"loc":{"start":{"line":77,"column":17},"end":{"line":77,"column":64}},"type":"cond-expr","locations":[{"start":{"line":77,"column":31},"end":{"line":77,"column":47}},{"start":{"line":77,"column":50},"end":{"line":77,"column":64}}],"line":77},"1":{"loc":{"start":{"line":79,"column":11},"end":{"line":79,"column":34}},"type":"cond-expr","locations":[{"start":{"line":79,"column":25},"end":{"line":79,"column":28}},{"start":{"line":79,"column":31},"end":{"line":79,"column":34}}],"line":79},"2":{"loc":{"start":{"line":83,"column":7},"end":{"line":88,"column":7}},"type":"binary-expr","locations":[{"start":{"line":83,"column":7},"end":{"line":83,"column":18}},{"start":{"line":84,"column":8},"end":{"line":87,"column":14}}],"line":83},"3":{"loc":{"start":{"line":90,"column":7},"end":{"line":97,"column":7}},"type":"binary-expr","locations":[{"start":{"line":90,"column":7},"end":{"line":90,"column":18}},{"start":{"line":91,"column":8},"end":{"line":96,"column":10}}],"line":90},"4":{"loc":{"start":{"line":102,"column":22},"end":{"line":102,"column":80}},"type":"cond-expr","locations":[{"start":{"line":102,"column":35},"end":{"line":102,"column":68}},{"start":{"line":102,"column":71},"end":{"line":102,"column":80}}],"line":102},"5":{"loc":{"start":{"line":105,"column":7},"end":{"line":128,"column":7}},"type":"binary-expr","locations":[{"start":{"line":105,"column":7},"end":{"line":105,"column":32}},{"start":{"line":106,"column":8},"end":{"line":127,"column":14}}],"line":105},"6":{"loc":{"start":{"line":109,"column":22},"end":{"line":109,"column":43}},"type":"binary-expr","locations":[{"start":{"line":109,"column":22},"end":{"line":109,"column":32}},{"start":{"line":109,"column":36},"end":{"line":109,"column":43}}],"line":109},"7":{"loc":{"start":{"line":122,"column":22},"end":{"line":122,"column":63}},"type":"binary-expr","locations":[{"start":{"line":122,"column":22},"end":{"line":122,"column":52}},{"start":{"line":122,"column":56},"end":{"line":122,"column":63}}],"line":122},"8":{"loc":{"start":{"line":130,"column":7},"end":{"line":134,"column":7}},"type":"binary-expr","locations":[{"start":{"line":130,"column":7},"end":{"line":130,"column":15}},{"start":{"line":130,"column":19},"end":{"line":130,"column":32}},{"start":{"line":131,"column":8},"end":{"line":133,"column":12}}],"line":130},"9":{"loc":{"start":{"line":132,"column":11},"end":{"line":132,"column":81}},"type":"cond-expr","locations":[{"start":{"line":132,"column":24},"end":{"line":132,"column":57}},{"start":{"line":132,"column":60},"end":{"line":132,"column":81}}],"line":132}},"s":{"0":0,"1":0,"2":0,"3":0,"4":0,"5":0,"6":0,"7":0,"8":0,"9":0,"10":0,"11":0,"12":0,"13":0,"14":0,"15":0,"16":0,"17":0,"18":0,"19":0,"20":0,"21":0,"22":0,"23":0,"24":0,"25":0,"26":0,"27":0,"28":0,"29":0,"30":0,"31":0,"32":0,"33":0,"34":0,"35":0,"36":0,"37":0,"38":0,"39":0,"40":0,"41":0,"42":0,"43":0},"f":{"0":0,"1":0,"2":0,"3":0,"4":0,"5":0,"6":0,"7":0,"8":0,"9":0,"10":0,"11":0,"12":0,"13":0},"b":{"0":[0,0],"1":[0,0],"2":[0,0],"3":[0,0],"4":[0,0],"5":[0,0],"6":[0,0],"7":[0,0],"8":[0,0,0],"9":[0,0]}}
,"C:\\Users\\guivi\\OneDrive\\Desktop\\test4\\frontend\\src\\state\\DataContext.js": {"path":"C:\\Users\\guivi\\OneDrive\\Desktop\\test4\\frontend\\src\\state\\DataContext.js","statementMap":{"0":{"start":{"line":3,"column":20},"end":{"line":3,"column":35}},"1":{"start":{"line":6,"column":28},"end":{"line":6,"column":40}},"2":{"start":{"line":7,"column":38},"end":{"line":12,"column":4}},"3":{"start":{"line":14,"column":21},"end":{"line":35,"column":8}},"4":{"start":{"line":15,"column":14},"end":{"line":15,"column":54}},"5":{"start":{"line":16,"column":4},"end":{"line":18,"column":5}},"6":{"start":{"line":17,"column":6},"end":{"line":17,"column":48}},"7":{"start":{"line":20,"column":4},"end":{"line":34,"column":5}},"8":{"start":{"line":21,"column":18},"end":{"line":21,"column":46}},"9":{"start":{"line":22,"column":6},"end":{"line":22,"column":60}},"10":{"start":{"line":22,"column":19},"end":{"line":22,"column":60}},"11":{"start":{"line":23,"column":19},"end":{"line":23,"column":35}},"12":{"start":{"line":25,"column":6},"end":{"line":25,"column":35}},"13":{"start":{"line":26,"column":6},"end":{"line":28,"column":7}},"14":{"start":{"line":27,"column":8},"end":{"line":27,"column":39}},"15":{"start":{"line":30,"column":6},"end":{"line":32,"column":7}},"16":{"start":{"line":31,"column":8},"end":{"line":31,"column":27}},"17":{"start":{"line":33,"column":6},"end":{"line":33,"column":16}},"18":{"start":{"line":38,"column":21},"end":{"line":58,"column":18}},"19":{"start":{"line":39,"column":4},"end":{"line":57,"column":5}},"20":{"start":{"line":40,"column":23},"end":{"line":46,"column":8}},"21":{"start":{"line":47,"column":6},"end":{"line":49,"column":7}},"22":{"start":{"line":48,"column":8},"end":{"line":48,"column":49}},"23":{"start":{"line":50,"column":22},"end":{"line":50,"column":43}},"24":{"start":{"line":52,"column":6},"end":{"line":52,"column":58}},"25":{"start":{"line":53,"column":6},"end":{"line":53,"column":21}},"26":{"start":{"line":55,"column":6},"end":{"line":55,"column":51}},"27":{"start":{"line":56,"column":6},"end":{"line":56,"column":18}},"28":{"start":{"line":60,"column":2},"end":{"line":64,"column":4}},"29":{"start":{"line":67,"column":23},"end":{"line":67,"column":52}},"30":{"start":{"line":67,"column":29},"end":{"line":67,"column":52}}},"fnMap":{"0":{"name":"DataProvider","decl":{"start":{"line":5,"column":16},"end":{"line":5,"column":28}},"loc":{"start":{"line":5,"column":43},"end":{"line":65,"column":1}},"line":5},"1":{"name":"(anonymous_1)","decl":{"start":{"line":14,"column":33},"end":{"line":14,"column":34}},"loc":{"start":{"line":14,"column":86},"end":{"line":35,"column":3}},"line":14},"2":{"name":"(anonymous_2)","decl":{"start":{"line":38,"column":33},"end":{"line":38,"column":34}},"loc":{"start":{"line":38,"column":53},"end":{"line":58,"column":3}},"line":38},"3":{"name":"(anonymous_3)","decl":{"start":{"line":67,"column":23},"end":{"line":67,"column":24}},"loc":{"start":{"line":67,"column":29},"end":{"line":67,"column":52}},"line":67}},"branchMap":{"0":{"loc":{"start":{"line":14,"column":48},"end":{"line":14,"column":59}},"type":"default-arg","locations":[{"start":{"line":14,"column":57},"end":{"line":14,"column":59}}],"line":14},"1":{"loc":{"start":{"line":14,"column":61},"end":{"line":14,"column":69}},"type":"default-arg","locations":[{"start":{"line":14,"column":68},"end":{"line":14,"column":69}}],"line":14},"2":{"loc":{"start":{"line":14,"column":71},"end":{"line":14,"column":81}},"type":"default-arg","locations":[{"start":{"line":14,"column":79},"end":{"line":14,"column":81}}],"line":14},"3":{"loc":{"start":{"line":16,"column":4},"end":{"line":18,"column":5}},"type":"if","locations":[{"start":{"line":16,"column":4},"end":{"line":18,"column":5}},{"start":{},"end":{}}],"line":16},"4":{"loc":{"start":{"line":22,"column":6},"end":{"line":22,"column":60}},"type":"if","locations":[{"start":{"line":22,"column":6},"end":{"line":22,"column":60}},{"start":{},"end":{}}],"line":22},"5":{"loc":{"start":{"line":25,"column":15},"end":{"line":25,"column":33}},"type":"binary-expr","locations":[{"start":{"line":25,"column":15},"end":{"line":25,"column":25}},{"start":{"line":25,"column":29},"end":{"line":25,"column":33}}],"line":25},"6":{"loc":{"start":{"line":26,"column":6},"end":{"line":28,"column":7}},"type":"if","locations":[{"start":{"line":26,"column":6},"end":{"line":28,"column":7}},{"start":{},"end":{}}],"line":26},"7":{"loc":{"start":{"line":30,"column":6},"end":{"line":32,"column":7}},"type":"if","locations":[{"start":{"line":30,"column":6},"end":{"line":32,"column":7}},{"start":{},"end":{}}],"line":30},"8":{"loc":{"start":{"line":47,"column":6},"end":{"line":49,"column":7}},"type":"if","locations":[{"start":{"line":47,"column":6},"end":{"line":49,"column":7}},{"start":{},"end":{}}],"line":47}},"s":{"0":0,"1":0,"2":0,"3":0,"4":0,"5":0,"6":0,"7":0,"8":0,"9":0,"10":0,"11":0,"12":0,"13":0,"14":0,"15":0,"16":0,"17":0,"18":0,"19":0,"20":0,"21":0,"22":0,"23":0,"24":0,"25":0,"26":0,"27":0,"28":0,"29":0,"30":0},"f":{"0":0,"1":0,"2":0,"3":0},"b":{"0":[0],"1":[0],"2":[0],"3":[0,0],"4":[0,0],"5":[0,0],"6":[0,0],"7":[0,0],"8":[0,0]}}
}
